<?xml version="1.0" encoding="UTF-8"?>
<!-- Generated by org.testng.reporters.JUnitReportReporter -->
<testsuite hostname="hydws72726" name="com.voice.signups.Voice_Signups_Test" tests="1" failures="0" timestamp="26 Aug 2015 08:41:54 GMT" time="69.086" errors="0">
  <testcase name="Signup" time="69.086" classname="com.voice.signups.Voice_Signups_Test"/>
</testsuite> <!-- com.voice.signups.Voice_Signups_Test -->
